::1 - - [24/Dec/2024:17:11:15 +0000] "GET / HTTP/1.1" 404 139 "-" "PostmanRuntime/7.43.0"
::1 - - [24/Dec/2024:17:11:42 +0000] "GET / HTTP/1.1" 404 139 "-" "PostmanRuntime/7.43.0"
::1 - - [24/Dec/2024:17:11:53 +0000] "GET /backend_motor HTTP/1.1" 404 152 "-" "PostmanRuntime/7.43.0"
::1 - - [24/Dec/2024:17:11:58 +0000] "GET /backend_node HTTP/1.1" 404 151 "-" "PostmanRuntime/7.43.0"
::1 - - [24/Dec/2024:17:12:11 +0000] "GET /motor_backend/ HTTP/1.1" 404 153 "-" "PostmanRuntime/7.43.0"
::1 - - [24/Dec/2024:17:12:15 +0000] "GET /motor_backend HTTP/1.1" 404 152 "-" "PostmanRuntime/7.43.0"
::1 - - [24/Dec/2024:17:12:27 +0000] "GET /motor_backend/ HTTP/1.1" 200 12 "-" "PostmanRuntime/7.43.0"
::1 - - [24/Dec/2024:18:03:30 +0000] "GET /motor_backend/ HTTP/1.1" 404 153 "-" "PostmanRuntime/7.43.0"::1 - - [30/Dec/2024:14:05:05 +0000] "POST /WSBolivar/postQuotationBolivar HTTP/1.1" 200 3164 "-" "PostmanRuntime/7.43.0"
::1 - - [30/Dec/2024:14:06:24 +0000] "POST /WSBolivar/postQuotationBolivar HTTP/1.1" 200 3164 "-" "PostmanRuntime/7.43.0"
::1 - - [30/Dec/2024:14:06:57 +0000] "POST /WSBolivar/postQuotationBolivar HTTP/1.1" - - "-" "PostmanRuntime/7.43.0"
::1 - - [30/Dec/2024:14:07:13 +0000] "POST /WSBolivar/postQuotationBolivar HTTP/1.1" - - "-" "PostmanRuntime/7.43.0"
::1 - - [30/Dec/2024:14:08:49 +0000] "POST /WSBolivar/postQuotationBolivar HTTP/1.1" 500 361 "-" "PostmanRuntime/7.43.0"
::1 - - [30/Dec/2024:14:09:28 +0000] "POST /WSBolivar/postQuotationBolivar HTTP/1.1" 200 3114 "-" "PostmanRuntime/7.43.0"
::1 - - [30/Dec/2024:14:36:36 +0000] "POST /WSBolivar/postQuotationBolivar HTTP/1.1" 200 75 "-" "PostmanRuntime/7.43.0"
::1 - - [30/Dec/2024:14:41:39 +0000] "POST /WSBolivar/postQuotationBolivar HTTP/1.1" 200 75 "-" "PostmanRuntime/7.43.0"
::1 - - [30/Dec/2024:14:46:24 +0000] "POST /WSBolivar/postQuotationBolivar HTTP/1.1" 500 91 "-" "PostmanRuntime/7.43.0"
::1 - - [30/Dec/2024:14:48:57 +0000] "POST /WSBolivar/postQuotationBolivar HTTP/1.1" 500 91 "-" "PostmanRuntime/7.43.0"
::1 - - [30/Dec/2024:14:51:33 +0000] "POST /WSBolivar/postQuotationBolivar HTTP/1.1" 500 91 "-" "PostmanRuntime/7.43.0"
::1 - - [30/Dec/2024:14:52:33 +0000] "POST /WSBolivar/postQuotationBolivar HTTP/1.1" 500 91 "-" "PostmanRuntime/7.43.0"
::1 - - [30/Dec/2024:14:55:11 +0000] "POST /WSBolivar/postQuotationBolivar HTTP/1.1" 500 91 "-" "PostmanRuntime/7.43.0"
::1 - - [30/Dec/2024:14:57:13 +0000] "POST /WSBolivar/postQuotationBolivar HTTP/1.1" 500 91 "-" "PostmanRuntime/7.43.0"
::1 - - [30/Dec/2024:14:58:13 +0000] "POST /WSBolivar/postQuotationBolivar HTTP/1.1" 500 91 "-" "PostmanRuntime/7.43.0"
::1 - - [30/Dec/2024:14:59:50 +0000] "POST /WSBolivar/postQuotationBolivar HTTP/1.1" 500 91 "-" "PostmanRuntime/7.43.0"
::1 - - [30/Dec/2024:15:02:38 +0000] "POST /WSBolivar/postQuotationBolivar HTTP/1.1" 500 91 "-" "PostmanRuntime/7.43.0"
::1 - - [30/Dec/2024:15:07:08 +0000] "POST /WSBolivar/postQuotationBolivar HTTP/1.1" 500 91 "-" "PostmanRuntime/7.43.0"
::1 - - [30/Dec/2024:15:10:34 +0000] "POST /WSBolivar/postQuotationBolivar HTTP/1.1" - - "-" "PostmanRuntime/7.43.0"
::1 - - [30/Dec/2024:15:17:02 +0000] "POST /WSBolivar/postQuotationBolivar HTTP/1.1" 500 125 "-" "PostmanRuntime/7.43.0"
::1 - - [30/Dec/2024:15:20:03 +0000] "POST /WSBolivar/postQuotationBolivar HTTP/1.1" 500 125 "-" "PostmanRuntime/7.43.0"
::1 - - [30/Dec/2024:15:21:31 +0000] "POST /WSBolivar/postQuotationBolivar HTTP/1.1" 500 125 "-" "PostmanRuntime/7.43.0"
::1 - - [30/Dec/2024:15:23:55 +0000] "POST /WSBolivar/postQuotationBolivar HTTP/1.1" 200 353 "-" "PostmanRuntime/7.43.0"
::1 - - [30/Dec/2024:15:33:16 +0000] "POST /WSBolivar/postQuotationBolivar HTTP/1.1" 200 908 "-" "PostmanRuntime/7.43.0"
::1 - - [30/Dec/2024:15:35:49 +0000] "POST /WSBolivar/postQuotationBolivar HTTP/1.1" 200 907 "-" "PostmanRuntime/7.43.0"
::1 - - [30/Dec/2024:15:41:56 +0000] "POST /WSBolivar/postQuotationBolivar HTTP/1.1" 200 89 "-" "PostmanRuntime/7.43.0"
::1 - - [30/Dec/2024:15:44:51 +0000] "POST /WSBolivar/postQuotationBolivar HTTP/1.1" 200 75 "-" "PostmanRuntime/7.43.0"
::1 - - [30/Dec/2024:16:17:19 +0000] "POST /WSBolivar/postQuotationBolivar HTTP/1.1" 200 75 "-" "PostmanRuntime/7.43.0"
::1 - - [30/Dec/2024:16:18:41 +0000] "POST /WSBolivar/postQuotationBolivar HTTP/1.1" 200 75 "-" "PostmanRuntime/7.43.0"
::1 - - [30/Dec/2024:16:19:47 +0000] "POST /WSBolivar/postQuotationBolivar HTTP/1.1" 200 1195 "-" "PostmanRuntime/7.43.0"
::1 - - [30/Dec/2024:16:29:11 +0000] "POST /WSBolivar/postQuotationBolivar HTTP/1.1" 200 1195 "-" "PostmanRuntime/7.43.0"
::1 - - [30/Dec/2024:16:30:13 +0000] "POST /WSBolivar/postQuotationBolivar HTTP/1.1" 200 1195 "-" "PostmanRuntime/7.43.0"
::1 - - [30/Dec/2024:16:31:56 +0000] "POST /WSBolivar/postQuotationBolivar HTTP/1.1" 200 75 "-" "PostmanRuntime/7.43.0"
::1 - - [30/Dec/2024:16:33:08 +0000] "POST /WSBolivar/postQuotationBolivar HTTP/1.1" 200 75 "-" "PostmanRuntime/7.43.0"
::1 - - [30/Dec/2024:16:35:44 +0000] "POST /WSBolivar/postQuotationBolivar HTTP/1.1" 200 75 "-" "PostmanRuntime/7.43.0"
::1 - - [30/Dec/2024:16:43:42 +0000] "POST /WSBolivar/postQuotationBolivar HTTP/1.1" 200 1081 "-" "PostmanRuntime/7.43.0"
